\BOOKMARK [1][-]{section.1}{Introduction}{}% 1
\BOOKMARK [2][-]{subsection.1.1}{Problem\040Restatement}{section.1}% 2
\BOOKMARK [2][-]{subsection.1.2}{Our\040Work}{section.1}% 3
\BOOKMARK [1][-]{section.2}{Assumptions\040&\040Definitions}{}% 4
\BOOKMARK [2][-]{subsection.2.1}{Assumptions}{section.2}% 5
\BOOKMARK [2][-]{subsection.2.2}{Definitions\040and\040Terminologies}{section.2}% 6
\BOOKMARK [2][-]{subsection.2.3}{Model\040Pipeline}{section.2}% 7
\BOOKMARK [1][-]{section.3}{Passing\040Network:\040A\040Graph\040Perspective}{}% 8
\BOOKMARK [2][-]{subsection.3.1}{Weighted\040Directed\040Graph\040As\040Passing\040Network}{section.3}% 9
\BOOKMARK [2][-]{subsection.3.2}{Macroscale}{section.3}% 10
\BOOKMARK [2][-]{subsection.3.3}{Mesoscale}{section.3}% 11
\BOOKMARK [3][-]{subsubsection.3.3.1}{Dyadic\040configuration}{subsection.3.3}% 12
\BOOKMARK [3][-]{subsubsection.3.3.2}{Triadic\040configuration}{subsection.3.3}% 13
\BOOKMARK [2][-]{subsection.3.4}{Microscale}{section.3}% 14
\BOOKMARK [2][-]{subsection.3.5}{Temporal\040evolution\040for\040network\040properties}{section.3}% 15
\BOOKMARK [3][-]{subsubsection.3.5.1}{Match-to-match\040Scale}{subsection.3.5}% 16
\BOOKMARK [3][-]{subsubsection.3.5.2}{50\040Passes\040Rolling\040Window}{subsection.3.5}% 17
\BOOKMARK [1][-]{section.4}{Measuring\040Team\040Performance:\040Indicators\040and\040Structural\040Equation\040Model}{}% 18
\BOOKMARK [2][-]{subsection.4.1}{Performance\040indicators}{section.4}% 19
\BOOKMARK [2][-]{subsection.4.2}{Model\040Construct:\040Structural\040Equation\040Model\(SEM\)}{section.4}% 20
\BOOKMARK [1][-]{section.5}{Strategies\040Making}{}% 21
\BOOKMARK [2][-]{subsection.5.1}{Seasonal\040Review}{section.5}% 22
\BOOKMARK [3][-]{subsubsection.5.1.1}{player\040analysis}{subsection.5.1}% 23
\BOOKMARK [2][-]{subsection.5.2}{Team\040Analysis}{section.5}% 24
\BOOKMARK [2][-]{subsection.5.3}{Advice\040For\040Next\040Season}{section.5}% 25
\BOOKMARK [1][-]{section.6}{More\040Than\040Football}{}% 26
